2024-01-02 08:04:31.469  INFO 24988 --- [main] c.m.msclientes.MsclientesApplication     : Starting MsclientesApplication using Java 11.0.15 on rodrigo2 with PID 24988 (C:\Users\user\Documents\estudos\udemy-domine-microservices\msclientes\target\classes started by user in C:\Users\user\Documents\estudos\udemy-domine-microservices\msclientes)
2024-01-02 08:04:31.472  INFO 24988 --- [main] c.m.msclientes.MsclientesApplication     : No active profile set, falling back to 1 default profile: "default"
2024-01-02 08:04:32.655  INFO 24988 --- [main] .s.d.r.c.RepositoryConfigurationDelegate : Bootstrapping Spring Data JPA repositories in DEFAULT mode.
2024-01-02 08:04:32.854  INFO 24988 --- [main] .s.d.r.c.RepositoryConfigurationDelegate : Finished Spring Data repository scanning in 189 ms. Found 1 JPA repository interfaces.
2024-01-02 08:04:33.171  INFO 24988 --- [main] o.s.cloud.context.scope.GenericScope     : BeanFactory id=c4fec2aa-00e9-3e1a-9125-a4e82c7e80fc
2024-01-02 08:04:33.933  INFO 24988 --- [main] o.s.b.w.embedded.tomcat.TomcatWebServer  : Tomcat initialized with port(s): 0 (http)
2024-01-02 08:04:33.946  INFO 24988 --- [main] o.apache.catalina.core.StandardService   : Starting service [Tomcat]
2024-01-02 08:04:33.946  INFO 24988 --- [main] org.apache.catalina.core.StandardEngine  : Starting Servlet engine: [Apache Tomcat/9.0.60]
2024-01-02 08:04:34.136  INFO 24988 --- [main] o.a.c.c.C.[Tomcat].[localhost].[/]       : Initializing Spring embedded WebApplicationContext
2024-01-02 08:04:34.136  INFO 24988 --- [main] w.s.c.ServletWebServerApplicationContext : Root WebApplicationContext: initialization completed in 2606 ms
2024-01-02 08:04:34.485  INFO 24988 --- [main] com.zaxxer.hikari.HikariDataSource       : HikariPool-1 - Starting...
2024-01-02 08:04:34.682  INFO 24988 --- [main] com.zaxxer.hikari.HikariDataSource       : HikariPool-1 - Start completed.
2024-01-02 08:04:34.749  INFO 24988 --- [main] o.hibernate.jpa.internal.util.LogHelper  : HHH000204: Processing PersistenceUnitInfo [name: default]
2024-01-02 08:04:34.809  INFO 24988 --- [main] org.hibernate.Version                    : HHH000412: Hibernate ORM core version 5.6.7.Final
2024-01-02 08:04:35.009  INFO 24988 --- [main] o.hibernate.annotations.common.Version   : HCANN000001: Hibernate Commons Annotations {5.1.2.Final}
2024-01-02 08:04:35.163  INFO 24988 --- [main] org.hibernate.dialect.Dialect            : HHH000400: Using dialect: org.hibernate.dialect.H2Dialect
2024-01-02 08:04:35.839  INFO 24988 --- [main] o.h.e.t.j.p.i.JtaPlatformInitiator       : HHH000490: Using JtaPlatform implementation: [org.hibernate.engine.transaction.jta.platform.internal.NoJtaPlatform]
2024-01-02 08:04:35.849  INFO 24988 --- [main] j.LocalContainerEntityManagerFactoryBean : Initialized JPA EntityManagerFactory for persistence unit 'default'
2024-01-02 08:04:36.279  WARN 24988 --- [main] JpaBaseConfiguration$JpaWebConfiguration : spring.jpa.open-in-view is enabled by default. Therefore, database queries may be performed during view rendering. Explicitly configure spring.jpa.open-in-view to disable this warning
2024-01-02 08:04:37.589  INFO 24988 --- [main] DiscoveryClientOptionalArgsConfiguration : Eureka HTTP Client uses RestTemplate.
2024-01-02 08:04:37.663  WARN 24988 --- [main] iguration$LoadBalancerCaffeineWarnLogger : Spring Cloud LoadBalancer is currently working with the default cache. While this cache implementation is useful for development and tests, it's recommended to use Caffeine cache in production.You can switch to using Caffeine cache, by adding it and org.springframework.cache.caffeine.CaffeineCacheManager to the classpath.
2024-01-02 08:04:37.668  INFO 24988 --- [main] o.s.b.a.e.web.EndpointLinksResolver      : Exposing 17 endpoint(s) beneath base path '/actuator'
2024-01-02 08:04:37.731  INFO 24988 --- [main] o.s.b.w.embedded.tomcat.TomcatWebServer  : Tomcat started on port(s): 63238 (http) with context path ''
2024-01-02 08:04:37.732  INFO 24988 --- [main] .s.c.n.e.s.EurekaAutoServiceRegistration : Updating port to 63238
2024-01-02 08:04:37.738  INFO 24988 --- [main] o.s.c.n.eureka.InstanceInfoFactory       : Setting initial instance status as: STARTING
2024-01-02 08:04:37.827  INFO 24988 --- [main] com.netflix.discovery.DiscoveryClient    : Initializing Eureka in region us-east-1
2024-01-02 08:04:37.833  INFO 24988 --- [main] c.n.d.s.r.aws.ConfigClusterResolver      : Resolving eureka endpoints via configuration
2024-01-02 08:04:37.866  INFO 24988 --- [main] com.netflix.discovery.DiscoveryClient    : Disable delta property : false
2024-01-02 08:04:37.866  INFO 24988 --- [main] com.netflix.discovery.DiscoveryClient    : Single vip registry refresh property : null
2024-01-02 08:04:37.866  INFO 24988 --- [main] com.netflix.discovery.DiscoveryClient    : Force full registry fetch : false
2024-01-02 08:04:37.866  INFO 24988 --- [main] com.netflix.discovery.DiscoveryClient    : Application is null : false
2024-01-02 08:04:37.866  INFO 24988 --- [main] com.netflix.discovery.DiscoveryClient    : Registered Applications size is zero : true
2024-01-02 08:04:37.866  INFO 24988 --- [main] com.netflix.discovery.DiscoveryClient    : Application version is -1: true
2024-01-02 08:04:37.866  INFO 24988 --- [main] com.netflix.discovery.DiscoveryClient    : Getting all instance registry info from the eureka server
2024-01-02 08:04:38.342  INFO 24988 --- [main] com.netflix.discovery.DiscoveryClient    : The response status is 200
2024-01-02 08:04:38.345  INFO 24988 --- [main] com.netflix.discovery.DiscoveryClient    : Starting heartbeat executor: renew interval is: 30
2024-01-02 08:04:38.348  INFO 24988 --- [main] c.n.discovery.InstanceInfoReplicator     : InstanceInfoReplicator onDemand update allowed rate per min is 4
2024-01-02 08:04:38.352  INFO 24988 --- [main] com.netflix.discovery.DiscoveryClient    : Discovery Client initialized at timestamp 1704193478351 with initial instances count: 2
2024-01-02 08:04:38.354  INFO 24988 --- [main] o.s.c.n.e.s.EurekaServiceRegistry        : Registering application MSCLIENTES with eureka with status UP
2024-01-02 08:04:38.355  INFO 24988 --- [main] com.netflix.discovery.DiscoveryClient    : Saw local status change event StatusChangeEvent [timestamp=1704193478355, current=UP, previous=STARTING]
2024-01-02 08:04:38.358  INFO 24988 --- [DiscoveryClient-InstanceInfoReplicator-0] com.netflix.discovery.DiscoveryClient    : DiscoveryClient_MSCLIENTES/msclientes:b2fef5440276c6f06abeb2eba2a8fc5a: registering service...
2024-01-02 08:04:38.498  INFO 24988 --- [DiscoveryClient-InstanceInfoReplicator-0] com.netflix.discovery.DiscoveryClient    : DiscoveryClient_MSCLIENTES/msclientes:b2fef5440276c6f06abeb2eba2a8fc5a - registration status: 204
2024-01-02 08:04:38.742  INFO 24988 --- [main] c.m.msclientes.MsclientesApplication     : Started MsclientesApplication in 8.237 seconds (JVM running for 8.821)
2024-01-02 08:05:07.723  INFO 24988 --- [http-nio-auto-1-exec-1] o.a.c.c.C.[Tomcat].[localhost].[/]       : Initializing Spring DispatcherServlet 'dispatcherServlet'
2024-01-02 08:05:07.723  INFO 24988 --- [http-nio-auto-1-exec-1] o.s.web.servlet.DispatcherServlet        : Initializing Servlet 'dispatcherServlet'
2024-01-02 08:05:07.724  INFO 24988 --- [http-nio-auto-1-exec-1] o.s.web.servlet.DispatcherServlet        : Completed initialization in 1 ms
2024-01-02 08:09:37.882  INFO 24988 --- [AsyncResolver-bootstrap-executor-0] c.n.d.s.r.aws.ConfigClusterResolver      : Resolving eureka endpoints via configuration
2024-01-02 08:10:25.071  INFO 24988 --- [SpringApplicationShutdownHook] o.s.c.n.e.s.EurekaServiceRegistry        : Unregistering application MSCLIENTES with eureka with status DOWN
2024-01-02 08:10:25.072  INFO 24988 --- [SpringApplicationShutdownHook] com.netflix.discovery.DiscoveryClient    : Saw local status change event StatusChangeEvent [timestamp=1704193825072, current=DOWN, previous=UP]
2024-01-02 08:10:25.072  INFO 24988 --- [DiscoveryClient-InstanceInfoReplicator-0] com.netflix.discovery.DiscoveryClient    : DiscoveryClient_MSCLIENTES/msclientes:b2fef5440276c6f06abeb2eba2a8fc5a: registering service...
2024-01-02 08:10:25.087  INFO 24988 --- [DiscoveryClient-InstanceInfoReplicator-0] com.netflix.discovery.DiscoveryClient    : DiscoveryClient_MSCLIENTES/msclientes:b2fef5440276c6f06abeb2eba2a8fc5a - registration status: 204
2024-01-02 08:10:25.295  INFO 24988 --- [SpringApplicationShutdownHook] j.LocalContainerEntityManagerFactoryBean : Closing JPA EntityManagerFactory for persistence unit 'default'
2024-01-02 08:10:25.296  INFO 24988 --- [SpringApplicationShutdownHook] .SchemaDropperImpl$DelayedDropActionImpl : HHH000477: Starting delayed evictData of schema as part of SessionFactory shut-down'
2024-01-02 08:10:25.303  INFO 24988 --- [SpringApplicationShutdownHook] com.zaxxer.hikari.HikariDataSource       : HikariPool-1 - Shutdown initiated...
2024-01-02 08:10:25.307  INFO 24988 --- [SpringApplicationShutdownHook] com.zaxxer.hikari.HikariDataSource       : HikariPool-1 - Shutdown completed.
2024-01-02 08:10:25.310  INFO 24988 --- [SpringApplicationShutdownHook] com.netflix.discovery.DiscoveryClient    : Shutting down DiscoveryClient ...
2024-01-02 08:10:28.319  INFO 24988 --- [SpringApplicationShutdownHook] com.netflix.discovery.DiscoveryClient    : Unregistering ...
2024-01-02 08:10:28.335  INFO 24988 --- [SpringApplicationShutdownHook] com.netflix.discovery.DiscoveryClient    : DiscoveryClient_MSCLIENTES/msclientes:b2fef5440276c6f06abeb2eba2a8fc5a - deregister  status: 200
2024-01-02 08:10:28.340  INFO 24988 --- [SpringApplicationShutdownHook] com.netflix.discovery.DiscoveryClient    : Completed shut down of DiscoveryClient
2024-01-02 08:12:46.915  INFO 25516 --- [main] c.m.msclientes.MsclientesApplication     : Starting MsclientesApplication using Java 11.0.15 on rodrigo2 with PID 25516 (C:\Users\user\Documents\estudos\udemy-domine-microservices\msclientes\target\classes started by user in C:\Users\user\Documents\estudos\udemy-domine-microservices\msclientes)
2024-01-02 08:12:46.918  INFO 25516 --- [main] c.m.msclientes.MsclientesApplication     : No active profile set, falling back to 1 default profile: "default"
2024-01-02 08:12:48.085  INFO 25516 --- [main] .s.d.r.c.RepositoryConfigurationDelegate : Bootstrapping Spring Data JPA repositories in DEFAULT mode.
2024-01-02 08:12:48.311  INFO 25516 --- [main] .s.d.r.c.RepositoryConfigurationDelegate : Finished Spring Data repository scanning in 215 ms. Found 1 JPA repository interfaces.
2024-01-02 08:12:48.771  INFO 25516 --- [main] o.s.cloud.context.scope.GenericScope     : BeanFactory id=39d7c8e3-87c3-3bf7-96fd-0832dadf994d
2024-01-02 08:12:49.463  INFO 25516 --- [main] o.s.b.w.embedded.tomcat.TomcatWebServer  : Tomcat initialized with port(s): 0 (http)
2024-01-02 08:12:49.475  INFO 25516 --- [main] o.apache.catalina.core.StandardService   : Starting service [Tomcat]
2024-01-02 08:12:49.475  INFO 25516 --- [main] org.apache.catalina.core.StandardEngine  : Starting Servlet engine: [Apache Tomcat/9.0.60]
2024-01-02 08:12:49.669  INFO 25516 --- [main] o.a.c.c.C.[Tomcat].[localhost].[/]       : Initializing Spring embedded WebApplicationContext
2024-01-02 08:12:49.670  INFO 25516 --- [main] w.s.c.ServletWebServerApplicationContext : Root WebApplicationContext: initialization completed in 2699 ms
2024-01-02 08:12:50.001  INFO 25516 --- [main] com.zaxxer.hikari.HikariDataSource       : HikariPool-1 - Starting...
2024-01-02 08:12:50.213  INFO 25516 --- [main] com.zaxxer.hikari.HikariDataSource       : HikariPool-1 - Start completed.
2024-01-02 08:12:50.278  INFO 25516 --- [main] o.hibernate.jpa.internal.util.LogHelper  : HHH000204: Processing PersistenceUnitInfo [name: default]
2024-01-02 08:12:50.345  INFO 25516 --- [main] org.hibernate.Version                    : HHH000412: Hibernate ORM core version 5.6.7.Final
2024-01-02 08:12:50.555  INFO 25516 --- [main] o.hibernate.annotations.common.Version   : HCANN000001: Hibernate Commons Annotations {5.1.2.Final}
2024-01-02 08:12:50.723  INFO 25516 --- [main] org.hibernate.dialect.Dialect            : HHH000400: Using dialect: org.hibernate.dialect.H2Dialect
2024-01-02 08:12:51.389  INFO 25516 --- [main] o.h.e.t.j.p.i.JtaPlatformInitiator       : HHH000490: Using JtaPlatform implementation: [org.hibernate.engine.transaction.jta.platform.internal.NoJtaPlatform]
2024-01-02 08:12:51.398  INFO 25516 --- [main] j.LocalContainerEntityManagerFactoryBean : Initialized JPA EntityManagerFactory for persistence unit 'default'
2024-01-02 08:12:51.956  WARN 25516 --- [main] JpaBaseConfiguration$JpaWebConfiguration : spring.jpa.open-in-view is enabled by default. Therefore, database queries may be performed during view rendering. Explicitly configure spring.jpa.open-in-view to disable this warning
2024-01-02 08:12:54.262  INFO 25516 --- [main] DiscoveryClientOptionalArgsConfiguration : Eureka HTTP Client uses RestTemplate.
2024-01-02 08:12:54.337  WARN 25516 --- [main] iguration$LoadBalancerCaffeineWarnLogger : Spring Cloud LoadBalancer is currently working with the default cache. While this cache implementation is useful for development and tests, it's recommended to use Caffeine cache in production.You can switch to using Caffeine cache, by adding it and org.springframework.cache.caffeine.CaffeineCacheManager to the classpath.
2024-01-02 08:12:54.343  INFO 25516 --- [main] o.s.b.a.e.web.EndpointLinksResolver      : Exposing 17 endpoint(s) beneath base path '/actuator'
2024-01-02 08:12:54.409  INFO 25516 --- [main] o.s.b.w.embedded.tomcat.TomcatWebServer  : Tomcat started on port(s): 63406 (http) with context path ''
2024-01-02 08:12:54.410  INFO 25516 --- [main] .s.c.n.e.s.EurekaAutoServiceRegistration : Updating port to 63406
2024-01-02 08:12:54.416  INFO 25516 --- [main] o.s.c.n.eureka.InstanceInfoFactory       : Setting initial instance status as: STARTING
2024-01-02 08:12:54.518  INFO 25516 --- [main] com.netflix.discovery.DiscoveryClient    : Initializing Eureka in region us-east-1
2024-01-02 08:12:54.526  INFO 25516 --- [main] c.n.d.s.r.aws.ConfigClusterResolver      : Resolving eureka endpoints via configuration
2024-01-02 08:12:54.563  INFO 25516 --- [main] com.netflix.discovery.DiscoveryClient    : Disable delta property : false
2024-01-02 08:12:54.563  INFO 25516 --- [main] com.netflix.discovery.DiscoveryClient    : Single vip registry refresh property : null
2024-01-02 08:12:54.564  INFO 25516 --- [main] com.netflix.discovery.DiscoveryClient    : Force full registry fetch : false
2024-01-02 08:12:54.564  INFO 25516 --- [main] com.netflix.discovery.DiscoveryClient    : Application is null : false
2024-01-02 08:12:54.564  INFO 25516 --- [main] com.netflix.discovery.DiscoveryClient    : Registered Applications size is zero : true
2024-01-02 08:12:54.564  INFO 25516 --- [main] com.netflix.discovery.DiscoveryClient    : Application version is -1: true
2024-01-02 08:12:54.564  INFO 25516 --- [main] com.netflix.discovery.DiscoveryClient    : Getting all instance registry info from the eureka server
2024-01-02 08:12:55.087  INFO 25516 --- [main] com.netflix.discovery.DiscoveryClient    : The response status is 200
2024-01-02 08:12:55.090  INFO 25516 --- [main] com.netflix.discovery.DiscoveryClient    : Starting heartbeat executor: renew interval is: 30
2024-01-02 08:12:55.094  INFO 25516 --- [main] c.n.discovery.InstanceInfoReplicator     : InstanceInfoReplicator onDemand update allowed rate per min is 4
2024-01-02 08:12:55.100  INFO 25516 --- [main] com.netflix.discovery.DiscoveryClient    : Discovery Client initialized at timestamp 1704193975099 with initial instances count: 1
2024-01-02 08:12:55.103  INFO 25516 --- [main] o.s.c.n.e.s.EurekaServiceRegistry        : Registering application MSCLIENTES with eureka with status UP
2024-01-02 08:12:55.104  INFO 25516 --- [main] com.netflix.discovery.DiscoveryClient    : Saw local status change event StatusChangeEvent [timestamp=1704193975104, current=UP, previous=STARTING]
2024-01-02 08:12:55.106  INFO 25516 --- [DiscoveryClient-InstanceInfoReplicator-0] com.netflix.discovery.DiscoveryClient    : DiscoveryClient_MSCLIENTES/msclientes:1ade76ac7210d046ad1622adb8bbf62c: registering service...
2024-01-02 08:12:55.230  INFO 25516 --- [DiscoveryClient-InstanceInfoReplicator-0] com.netflix.discovery.DiscoveryClient    : DiscoveryClient_MSCLIENTES/msclientes:1ade76ac7210d046ad1622adb8bbf62c - registration status: 204
2024-01-02 08:12:55.522  INFO 25516 --- [main] c.m.msclientes.MsclientesApplication     : Started MsclientesApplication in 9.654 seconds (JVM running for 10.312)
2024-01-02 08:13:01.923  INFO 25516 --- [http-nio-auto-1-exec-1] o.a.c.c.C.[Tomcat].[localhost].[/]       : Initializing Spring DispatcherServlet 'dispatcherServlet'
2024-01-02 08:13:01.924  INFO 25516 --- [http-nio-auto-1-exec-1] o.s.web.servlet.DispatcherServlet        : Initializing Servlet 'dispatcherServlet'
2024-01-02 08:13:01.925  INFO 25516 --- [http-nio-auto-1-exec-1] o.s.web.servlet.DispatcherServlet        : Completed initialization in 1 ms
2024-01-02 08:13:51.495  INFO 25516 --- [http-nio-auto-1-exec-6] o.springdoc.api.AbstractOpenApiResource  : Init duration for springdoc-openapi is: 160 ms
2024-01-02 08:17:54.583  INFO 25516 --- [AsyncResolver-bootstrap-executor-0] c.n.d.s.r.aws.ConfigClusterResolver      : Resolving eureka endpoints via configuration
2024-01-02 08:22:54.589  INFO 25516 --- [AsyncResolver-bootstrap-executor-0] c.n.d.s.r.aws.ConfigClusterResolver      : Resolving eureka endpoints via configuration
2024-01-02 08:27:54.592  INFO 25516 --- [AsyncResolver-bootstrap-executor-0] c.n.d.s.r.aws.ConfigClusterResolver      : Resolving eureka endpoints via configuration
2024-01-02 08:32:54.608  INFO 25516 --- [AsyncResolver-bootstrap-executor-0] c.n.d.s.r.aws.ConfigClusterResolver      : Resolving eureka endpoints via configuration
2024-01-02 08:37:54.622  INFO 25516 --- [AsyncResolver-bootstrap-executor-0] c.n.d.s.r.aws.ConfigClusterResolver      : Resolving eureka endpoints via configuration
2024-01-02 08:42:54.624  INFO 25516 --- [AsyncResolver-bootstrap-executor-0] c.n.d.s.r.aws.ConfigClusterResolver      : Resolving eureka endpoints via configuration
2024-01-02 08:47:54.636  INFO 25516 --- [AsyncResolver-bootstrap-executor-0] c.n.d.s.r.aws.ConfigClusterResolver      : Resolving eureka endpoints via configuration
2024-01-02 08:52:54.653  INFO 25516 --- [AsyncResolver-bootstrap-executor-0] c.n.d.s.r.aws.ConfigClusterResolver      : Resolving eureka endpoints via configuration
2024-01-02 08:57:59.748  INFO 25516 --- [AsyncResolver-bootstrap-executor-0] c.n.d.s.r.aws.ConfigClusterResolver      : Resolving eureka endpoints via configuration
2024-01-02 09:02:59.757  INFO 25516 --- [AsyncResolver-bootstrap-executor-0] c.n.d.s.r.aws.ConfigClusterResolver      : Resolving eureka endpoints via configuration
2024-01-02 09:07:59.768  INFO 25516 --- [AsyncResolver-bootstrap-executor-0] c.n.d.s.r.aws.ConfigClusterResolver      : Resolving eureka endpoints via configuration
2024-01-02 09:12:59.770  INFO 25516 --- [AsyncResolver-bootstrap-executor-0] c.n.d.s.r.aws.ConfigClusterResolver      : Resolving eureka endpoints via configuration
2024-01-02 09:17:59.772  INFO 25516 --- [AsyncResolver-bootstrap-executor-0] c.n.d.s.r.aws.ConfigClusterResolver      : Resolving eureka endpoints via configuration
2024-01-02 09:22:59.775  INFO 25516 --- [AsyncResolver-bootstrap-executor-0] c.n.d.s.r.aws.ConfigClusterResolver      : Resolving eureka endpoints via configuration
2024-01-02 09:27:59.778  INFO 25516 --- [AsyncResolver-bootstrap-executor-0] c.n.d.s.r.aws.ConfigClusterResolver      : Resolving eureka endpoints via configuration
2024-01-02 09:32:59.789  INFO 25516 --- [AsyncResolver-bootstrap-executor-0] c.n.d.s.r.aws.ConfigClusterResolver      : Resolving eureka endpoints via configuration
2024-01-02 09:37:59.797  INFO 25516 --- [AsyncResolver-bootstrap-executor-0] c.n.d.s.r.aws.ConfigClusterResolver      : Resolving eureka endpoints via configuration
2024-01-02 09:42:59.801  INFO 25516 --- [AsyncResolver-bootstrap-executor-0] c.n.d.s.r.aws.ConfigClusterResolver      : Resolving eureka endpoints via configuration
2024-01-02 09:47:59.811  INFO 25516 --- [AsyncResolver-bootstrap-executor-0] c.n.d.s.r.aws.ConfigClusterResolver      : Resolving eureka endpoints via configuration
2024-01-02 09:52:59.820  INFO 25516 --- [AsyncResolver-bootstrap-executor-0] c.n.d.s.r.aws.ConfigClusterResolver      : Resolving eureka endpoints via configuration
2024-01-02 09:57:59.833  INFO 25516 --- [AsyncResolver-bootstrap-executor-0] c.n.d.s.r.aws.ConfigClusterResolver      : Resolving eureka endpoints via configuration
2024-01-02 10:02:59.836  INFO 25516 --- [AsyncResolver-bootstrap-executor-0] c.n.d.s.r.aws.ConfigClusterResolver      : Resolving eureka endpoints via configuration
2024-01-02 10:07:59.845  INFO 25516 --- [AsyncResolver-bootstrap-executor-0] c.n.d.s.r.aws.ConfigClusterResolver      : Resolving eureka endpoints via configuration
2024-01-02 10:12:59.851  INFO 25516 --- [AsyncResolver-bootstrap-executor-0] c.n.d.s.r.aws.ConfigClusterResolver      : Resolving eureka endpoints via configuration
2024-01-02 10:17:59.862  INFO 25516 --- [AsyncResolver-bootstrap-executor-0] c.n.d.s.r.aws.ConfigClusterResolver      : Resolving eureka endpoints via configuration
2024-01-02 10:22:59.868  INFO 25516 --- [AsyncResolver-bootstrap-executor-0] c.n.d.s.r.aws.ConfigClusterResolver      : Resolving eureka endpoints via configuration
2024-01-02 10:27:59.879  INFO 25516 --- [AsyncResolver-bootstrap-executor-0] c.n.d.s.r.aws.ConfigClusterResolver      : Resolving eureka endpoints via configuration
2024-01-02 10:32:59.889  INFO 25516 --- [AsyncResolver-bootstrap-executor-0] c.n.d.s.r.aws.ConfigClusterResolver      : Resolving eureka endpoints via configuration
2024-01-02 10:37:59.901  INFO 25516 --- [AsyncResolver-bootstrap-executor-0] c.n.d.s.r.aws.ConfigClusterResolver      : Resolving eureka endpoints via configuration
2024-01-02 10:42:59.914  INFO 25516 --- [AsyncResolver-bootstrap-executor-0] c.n.d.s.r.aws.ConfigClusterResolver      : Resolving eureka endpoints via configuration
2024-01-02 10:47:59.930  INFO 25516 --- [AsyncResolver-bootstrap-executor-0] c.n.d.s.r.aws.ConfigClusterResolver      : Resolving eureka endpoints via configuration
2024-01-02 10:52:59.945  INFO 25516 --- [AsyncResolver-bootstrap-executor-0] c.n.d.s.r.aws.ConfigClusterResolver      : Resolving eureka endpoints via configuration
2024-01-02 10:57:59.959  INFO 25516 --- [AsyncResolver-bootstrap-executor-0] c.n.d.s.r.aws.ConfigClusterResolver      : Resolving eureka endpoints via configuration
2024-01-02 11:02:59.969  INFO 25516 --- [AsyncResolver-bootstrap-executor-0] c.n.d.s.r.aws.ConfigClusterResolver      : Resolving eureka endpoints via configuration
2024-01-02 11:07:59.983  INFO 25516 --- [AsyncResolver-bootstrap-executor-0] c.n.d.s.r.aws.ConfigClusterResolver      : Resolving eureka endpoints via configuration
2024-01-02 11:12:59.986  INFO 25516 --- [AsyncResolver-bootstrap-executor-0] c.n.d.s.r.aws.ConfigClusterResolver      : Resolving eureka endpoints via configuration
2024-01-02 11:17:59.991  INFO 25516 --- [AsyncResolver-bootstrap-executor-0] c.n.d.s.r.aws.ConfigClusterResolver      : Resolving eureka endpoints via configuration
2024-01-02 11:23:00.000  INFO 25516 --- [AsyncResolver-bootstrap-executor-0] c.n.d.s.r.aws.ConfigClusterResolver      : Resolving eureka endpoints via configuration
2024-01-02 11:28:00.001  INFO 25516 --- [AsyncResolver-bootstrap-executor-0] c.n.d.s.r.aws.ConfigClusterResolver      : Resolving eureka endpoints via configuration
2024-01-02 11:33:00.009  INFO 25516 --- [AsyncResolver-bootstrap-executor-0] c.n.d.s.r.aws.ConfigClusterResolver      : Resolving eureka endpoints via configuration
2024-01-02 11:38:00.012  INFO 25516 --- [AsyncResolver-bootstrap-executor-0] c.n.d.s.r.aws.ConfigClusterResolver      : Resolving eureka endpoints via configuration
2024-01-02 11:43:00.020  INFO 25516 --- [AsyncResolver-bootstrap-executor-0] c.n.d.s.r.aws.ConfigClusterResolver      : Resolving eureka endpoints via configuration
2024-01-02 11:48:00.036  INFO 25516 --- [AsyncResolver-bootstrap-executor-0] c.n.d.s.r.aws.ConfigClusterResolver      : Resolving eureka endpoints via configuration
2024-01-02 11:53:00.046  INFO 25516 --- [AsyncResolver-bootstrap-executor-0] c.n.d.s.r.aws.ConfigClusterResolver      : Resolving eureka endpoints via configuration
2024-01-02 11:58:00.053  INFO 25516 --- [AsyncResolver-bootstrap-executor-0] c.n.d.s.r.aws.ConfigClusterResolver      : Resolving eureka endpoints via configuration
2024-01-02 12:03:00.067  INFO 25516 --- [AsyncResolver-bootstrap-executor-0] c.n.d.s.r.aws.ConfigClusterResolver      : Resolving eureka endpoints via configuration
2024-01-02 12:08:00.073  INFO 25516 --- [AsyncResolver-bootstrap-executor-0] c.n.d.s.r.aws.ConfigClusterResolver      : Resolving eureka endpoints via configuration
2024-01-02 12:13:00.087  INFO 25516 --- [AsyncResolver-bootstrap-executor-0] c.n.d.s.r.aws.ConfigClusterResolver      : Resolving eureka endpoints via configuration
2024-01-02 12:18:00.093  INFO 25516 --- [AsyncResolver-bootstrap-executor-0] c.n.d.s.r.aws.ConfigClusterResolver      : Resolving eureka endpoints via configuration
2024-01-02 12:23:00.095  INFO 25516 --- [AsyncResolver-bootstrap-executor-0] c.n.d.s.r.aws.ConfigClusterResolver      : Resolving eureka endpoints via configuration
2024-01-02 12:28:00.105  INFO 25516 --- [AsyncResolver-bootstrap-executor-0] c.n.d.s.r.aws.ConfigClusterResolver      : Resolving eureka endpoints via configuration
2024-01-02 12:33:00.112  INFO 25516 --- [AsyncResolver-bootstrap-executor-0] c.n.d.s.r.aws.ConfigClusterResolver      : Resolving eureka endpoints via configuration
2024-01-02 12:38:00.118  INFO 25516 --- [AsyncResolver-bootstrap-executor-0] c.n.d.s.r.aws.ConfigClusterResolver      : Resolving eureka endpoints via configuration
2024-01-02 12:43:00.126  INFO 25516 --- [AsyncResolver-bootstrap-executor-0] c.n.d.s.r.aws.ConfigClusterResolver      : Resolving eureka endpoints via configuration
2024-01-02 12:48:00.137  INFO 25516 --- [AsyncResolver-bootstrap-executor-0] c.n.d.s.r.aws.ConfigClusterResolver      : Resolving eureka endpoints via configuration
2024-01-02 12:53:00.146  INFO 25516 --- [AsyncResolver-bootstrap-executor-0] c.n.d.s.r.aws.ConfigClusterResolver      : Resolving eureka endpoints via configuration
2024-01-02 12:58:00.148  INFO 25516 --- [AsyncResolver-bootstrap-executor-0] c.n.d.s.r.aws.ConfigClusterResolver      : Resolving eureka endpoints via configuration
2024-01-02 13:03:00.161  INFO 25516 --- [AsyncResolver-bootstrap-executor-0] c.n.d.s.r.aws.ConfigClusterResolver      : Resolving eureka endpoints via configuration
2024-01-02 13:08:00.174  INFO 25516 --- [AsyncResolver-bootstrap-executor-0] c.n.d.s.r.aws.ConfigClusterResolver      : Resolving eureka endpoints via configuration
2024-01-02 13:13:00.184  INFO 25516 --- [AsyncResolver-bootstrap-executor-0] c.n.d.s.r.aws.ConfigClusterResolver      : Resolving eureka endpoints via configuration
2024-01-02 13:18:00.191  INFO 25516 --- [AsyncResolver-bootstrap-executor-0] c.n.d.s.r.aws.ConfigClusterResolver      : Resolving eureka endpoints via configuration
2024-01-02 13:23:00.205  INFO 25516 --- [AsyncResolver-bootstrap-executor-0] c.n.d.s.r.aws.ConfigClusterResolver      : Resolving eureka endpoints via configuration
2024-01-02 13:28:00.219  INFO 25516 --- [AsyncResolver-bootstrap-executor-0] c.n.d.s.r.aws.ConfigClusterResolver      : Resolving eureka endpoints via configuration
2024-01-02 13:33:00.226  INFO 25516 --- [AsyncResolver-bootstrap-executor-0] c.n.d.s.r.aws.ConfigClusterResolver      : Resolving eureka endpoints via configuration
2024-01-02 13:35:18.132  INFO 25516 --- [SpringApplicationShutdownHook] o.s.c.n.e.s.EurekaServiceRegistry        : Unregistering application MSCLIENTES with eureka with status DOWN
2024-01-02 13:35:18.132  INFO 25516 --- [SpringApplicationShutdownHook] com.netflix.discovery.DiscoveryClient    : Saw local status change event StatusChangeEvent [timestamp=1704213318132, current=DOWN, previous=UP]
2024-01-02 13:35:18.132  INFO 25516 --- [DiscoveryClient-InstanceInfoReplicator-0] com.netflix.discovery.DiscoveryClient    : DiscoveryClient_MSCLIENTES/msclientes:1ade76ac7210d046ad1622adb8bbf62c: registering service...
2024-01-02 13:35:18.148  INFO 25516 --- [DiscoveryClient-InstanceInfoReplicator-0] com.netflix.discovery.DiscoveryClient    : DiscoveryClient_MSCLIENTES/msclientes:1ade76ac7210d046ad1622adb8bbf62c - registration status: 204
2024-01-02 13:35:18.380  INFO 25516 --- [SpringApplicationShutdownHook] j.LocalContainerEntityManagerFactoryBean : Closing JPA EntityManagerFactory for persistence unit 'default'
2024-01-02 13:35:18.383  INFO 25516 --- [SpringApplicationShutdownHook] .SchemaDropperImpl$DelayedDropActionImpl : HHH000477: Starting delayed evictData of schema as part of SessionFactory shut-down'
2024-01-02 13:35:18.395  INFO 25516 --- [SpringApplicationShutdownHook] com.zaxxer.hikari.HikariDataSource       : HikariPool-1 - Shutdown initiated...
2024-01-02 13:35:18.399  INFO 25516 --- [SpringApplicationShutdownHook] com.zaxxer.hikari.HikariDataSource       : HikariPool-1 - Shutdown completed.
2024-01-02 13:35:18.403  INFO 25516 --- [SpringApplicationShutdownHook] com.netflix.discovery.DiscoveryClient    : Shutting down DiscoveryClient ...
2024-01-02 13:35:21.414  INFO 25516 --- [SpringApplicationShutdownHook] com.netflix.discovery.DiscoveryClient    : Unregistering ...
2024-01-02 13:35:21.430  INFO 25516 --- [SpringApplicationShutdownHook] com.netflix.discovery.DiscoveryClient    : DiscoveryClient_MSCLIENTES/msclientes:1ade76ac7210d046ad1622adb8bbf62c - deregister  status: 200
2024-01-02 13:35:21.434  INFO 25516 --- [SpringApplicationShutdownHook] com.netflix.discovery.DiscoveryClient    : Completed shut down of DiscoveryClient
